<?xml version="1.0" encoding="utf-8"?><testsuites><testsuite errors="0" failures="0" hostname="localhost.localdomain" name="pytest" skipped="0" tests="3" time="0.103" timestamp="2024-12-10T15:08:48.060038"><testcase classname="tests.test_module1" name="test_function_to_test[data0-expected0]" time="0.002" /><testcase classname="tests.test_module1" name="test_function_to_test[data1-expected1]" time="0.001" /><testcase classname="tests.test_module2" name="test_another_function" time="0.001" /></testsuite></testsuites>